[38;5;112m[Appium][0m Welcome to Appium v2.12.0
[38;5;112m[Appium][0m Non-default server args:
[38;5;112m[Appium][0m { basePath: [32m'/wd/hub'[39m, loglevel: [32m'info'[39m, port: [33m52619[39m }
[38;5;112m[Appium][0m Attempting to load driver xcuitest...
[38;5;112m[Appium][0m Attempting to load driver uiautomator2...
[38;5;112m[Appium][0m Attempting to load driver espresso...
[38;5;112m[Appium][0m Attempting to load driver mac2...
[38;5;112m[Appium][0m Appium REST http interface listener started on http://0.0.0.0:52619/wd/hub
[38;5;112m[Appium][0m You can provide the following URLs in your client code to connect to this server:
	http://127.0.0.1:52619/wd/hub (only accessible from the same host)
	http://192.168.100.81:52619/wd/hub
[38;5;112m[Appium][0m Available drivers:
[38;5;112m[Appium][0m   - xcuitest@7.28.1 (automationName 'XCUITest')
[38;5;112m[Appium][0m   - uiautomator2@3.8.0 (automationName 'UiAutomator2')
[38;5;112m[Appium][0m   - espresso@3.5.0 (automationName 'Espresso')
[38;5;112m[Appium][0m   - mac2@1.20.1 (automationName 'Mac2')
[38;5;112m[Appium][0m No plugins have been installed. Use the "appium plugin" command to install the one(s) you want to use.
[38;5;86m[HTTP][0m [37m-->[39m [37mGET[39m [37m/wd/hub/status[39m {}
[38;5;86m[HTTP][0m <-- GET /wd/hub/status 200 216 ms - 111 
[38;5;86m[HTTP][0m [37m-->[39m [37mGET[39m [37m/wd/hub/status[39m {}
[38;5;86m[HTTP][0m <-- GET /wd/hub/status 200 19 ms - 111 
[38;5;86m[HTTP][0m [37m-->[39m [37mPOST[39m [37m/wd/hub/session[39m {"desiredCapabilities":{"appium:systemPort":8239,"appium:newCommandTimeout":1800,"appium:automationName":"uiautomator2","appium:platformVersion":"12","appium:deviceId":"R9RNC03X57D","appium:udid":"RR8M50GLDRL","appium:autoGrantPermissions":true,"appium:platformName":"ANDROID","appium:appActivity":".Settings","appium:deviceName":"samsung SM-G975F (Android 12)","platformName":"Android","appium:appPackage":"com.android.settings"},"capabilities":{"firstMatch":[{"appium:appActivity":".Settings","appium:appPackage":"com.android.settings","appium:autoGrantPermissions":true,"appium:automationName":"uiautomator2","appium:deviceId":"R9RNC03X57D","appium:deviceName":"samsung SM-G975F (Android 12)","appium:newCommandTimeout":1800,"appium:platformName":"ANDROID","appium:platformVersion":"12","appium:systemPort":8239,"appium:udid":"RR8M50GLDRL","platformName":"android"}]}}
[38;5;123m[BaseDriver][0m Ignoring capability 'appium:platformName=ANDROID' and using capability 'platformName=android'
[38;5;123m[BaseDriver][0m The capabilities ["platformName"] are standard capabilities and do not require "appium:" prefix
[38;5;112m[Appium][0m Attempting to find matching driver for automationName 'uiautomator2' and platformName 'android'
[38;5;112m[Appium][0m The 'uiautomator2' driver was installed and matched caps.
[38;5;112m[Appium][0m Will require it at /Users/refqihussein/.appium/node_modules/appium-uiautomator2-driver
[38;5;199m[AppiumDriver@4249][0m Appium v2.12.0 creating new AndroidUiautomator2Driver (v3.8.0) session
[38;5;199m[AppiumDriver@4249][0m Checking BaseDriver versions for Appium and AndroidUiautomator2Driver
[38;5;199m[AppiumDriver@4249][0m Appium's BaseDriver version is 9.12.0
[38;5;199m[AppiumDriver@4249][0m AndroidUiautomator2Driver's BaseDriver version is 9.12.0
[38;5;-80m[AndroidUiautomator2Driver@167a][0m The following provided capabilities were not recognized by this driver:
[38;5;-80m[AndroidUiautomator2Driver@167a][0m   deviceId
[38;5;170m[7eb17086][0m[38;5;-80m[AndroidUiautomator2Driver@167a][0m Session created with session id: 7eb17086-7335-4b5a-a371-bfbf30b154eb
[38;5;170m[7eb17086][0m[38;5;229m[ADB][0m Found 1 'build-tools' folders under '/Users/refqihussein/.katalon/tools/android_sdk' (newest first):
[38;5;170m[7eb17086][0m[38;5;229m[ADB][0m     /Users/refqihussein/.katalon/tools/android_sdk/build-tools/29.0.3
[38;5;170m[7eb17086][0m[38;5;229m[ADB][0m Using 'adb' from '/Users/refqihussein/.katalon/tools/android_sdk/platform-tools/adb'
[38;5;170m[7eb17086][0m[38;5;-80m[AndroidUiautomator2Driver@167a][0m Retrieving device list
[38;5;170m[7eb17086][0m[38;5;-80m[AndroidUiautomator2Driver@167a][0m Using device: RR8M50GLDRL
[38;5;170m[7eb17086][0m[38;5;229m[ADB][0m Using 'adb' from '/Users/refqihussein/.katalon/tools/android_sdk/platform-tools/adb'
[38;5;170m[7eb17086][0m[38;5;-80m[AndroidUiautomator2Driver@167a][0m Starting 'com.android.settings' directly on the device
[38;5;170m[7eb17086][0m[38;5;229m[ADB][0m Getting device platform version
[38;5;170m[7eb17086][0m[38;5;-80m[AndroidUiautomator2Driver@167a][0m Relaxing hidden api policy
[38;5;170m[7eb17086][0m[38;5;-80m[AndroidUiautomator2Driver@167a][0m No app sent in, not parsing package/activity
[38;5;170m[7eb17086][0m[38;5;229m[ADB][0m Using 'aapt2' from '/Users/refqihussein/.katalon/tools/android_sdk/build-tools/29.0.3/aapt2'
[38;5;170m[7eb17086][0m[38;5;-80m[AndroidUiautomator2Driver@167a][0m Server packages are not going to be (re)installed
[38;5;170m[7eb17086][0m[38;5;229m[ADB][0m Adding packages ["io.appium.settings","io.appium.uiautomator2.server","io.appium.uiautomator2.server.test"] to Doze whitelist
[38;5;170m[7eb17086][0m[38;5;229m[ADB][0m com.android.settings contains no permissions available for granting
[38;5;170m[7eb17086][0m[38;5;-80m[AndroidUiautomator2Driver@167a][0m Starting UIAutomator2 server 7.0.25
[38;5;170m[7eb17086][0m[38;5;-80m[AndroidUiautomator2Driver@167a][0m Using UIAutomator2 server from '/Users/refqihussein/.appium/node_modules/appium-uiautomator2-driver/node_modules/appium-uiautomator2-server/apks/appium-uiautomator2-server-v7.0.25.apk' and test from '/Users/refqihussein/.appium/node_modules/appium-uiautomator2-driver/node_modules/appium-uiautomator2-server/apks/appium-uiautomator2-server-debug-androidTest.apk'
[38;5;170m[7eb17086][0m[38;5;-80m[AndroidUiautomator2Driver@167a][0m Waiting up to 30000ms for UiAutomator2 to be online...
[38;5;170m[7eb17086][0m[38;5;-80m[AndroidUiautomator2Driver@167a][0m socket hang up
[38;5;170m[7eb17086][0m[38;5;-80m[AndroidUiautomator2Driver@167a][0m socket hang up
[38;5;170m[7eb17086][0m[38;5;-80m[AndroidUiautomator2Driver@167a][0m Determined the downstream protocol as 'W3C'
[38;5;170m[7eb17086][0m[38;5;-80m[AndroidUiautomator2Driver@167a][0m Screen already unlocked, doing nothing
[38;5;170m[7eb17086][0m[38;5;-80m[AndroidUiautomator2Driver@167a][0m Starting 'com.android.settings/.Settings and waiting for 'com.android.settings/.Settings'
[38;5;170m[7eb17086][0m[38;5;199m[AppiumDriver@4249][0m New AndroidUiautomator2Driver session created successfully, session 7eb17086-7335-4b5a-a371-bfbf30b154eb added to master session list
[38;5;170m[7eb17086][0m[38;5;86m[HTTP][0m <-- POST /wd/hub/session 200 21899 ms - 1139 
[38;5;170m[7eb17086][0m[38;5;86m[HTTP][0m [37m-->[39m [37mGET[39m [37m/wd/hub/session/7eb17086-7335-4b5a-a371-bfbf30b154eb[39m {}
[38;5;170m[7eb17086][0m[38;5;86m[HTTP][0m <-- GET /wd/hub/session/7eb17086-7335-4b5a-a371-bfbf30b154eb 200 140 ms - 337 
[38;5;170m[7eb17086][0m[38;5;86m[HTTP][0m [37m-->[39m [37mGET[39m [37m/wd/hub/session/7eb17086-7335-4b5a-a371-bfbf30b154eb[39m {}
[38;5;170m[7eb17086][0m[38;5;86m[HTTP][0m <-- GET /wd/hub/session/7eb17086-7335-4b5a-a371-bfbf30b154eb 200 22 ms - 337 
[38;5;86m[HTTP][0m [37m-->[39m [37mGET[39m [37m/wd/hub/status[39m {}
[38;5;86m[HTTP][0m <-- GET /wd/hub/status 200 4 ms - 111 
[38;5;170m[7eb17086][0m[38;5;86m[HTTP][0m [37m-->[39m [37mPOST[39m [37m/wd/hub/session/7eb17086-7335-4b5a-a371-bfbf30b154eb/timeouts[39m {"implicit":60000}
[38;5;170m[7eb17086][0m[38;5;86m[HTTP][0m <-- POST /wd/hub/session/7eb17086-7335-4b5a-a371-bfbf30b154eb/timeouts 200 64 ms - 14 
[38;5;170m[7eb17086][0m[38;5;86m[HTTP][0m [37m-->[39m [37mGET[39m [37m/wd/hub/session/7eb17086-7335-4b5a-a371-bfbf30b154eb/appium/device/system_bars[39m {}
[38;5;170m[7eb17086][0m[38;5;86m[HTTP][0m <-- GET /wd/hub/session/7eb17086-7335-4b5a-a371-bfbf30b154eb/appium/device/system_bars 200 409 ms - 152 
[38;5;170m[7eb17086][0m[38;5;86m[HTTP][0m [37m-->[39m [37mPOST[39m [37m/wd/hub/session/7eb17086-7335-4b5a-a371-bfbf30b154eb/appium/device/activate_app[39m {"bundleId":"com.telkom.mwallet -c android.intent.category.LAUNCHER 1"}
[38;5;170m[7eb17086][0m[38;5;86m[HTTP][0m <-- POST /wd/hub/session/7eb17086-7335-4b5a-a371-bfbf30b154eb/appium/device/activate_app 200 601 ms - 14 
[38;5;170m[7eb17086][0m[38;5;86m[HTTP][0m [37m-->[39m [37mGET[39m [37m/wd/hub/session/7eb17086-7335-4b5a-a371-bfbf30b154eb/source[39m {}
[38;5;170m[7eb17086][0m[38;5;-80m[AndroidUiautomator2Driver@167a][0m Driver proxy active, passing request on via HTTP proxy
[38;5;170m[7eb17086][0m[38;5;-80m[AndroidUiautomator2Driver@167a][0m Replacing sessionId 54227ef6-a3d5-4ce5-974d-b27810bce22a with 7eb17086-7335-4b5a-a371-bfbf30b154eb
[38;5;170m[7eb17086][0m[38;5;86m[HTTP][0m <-- GET /wd/hub/session/7eb17086-7335-4b5a-a371-bfbf30b154eb/source 200 206 ms - 19546 
[38;5;170m[7eb17086][0m[38;5;86m[HTTP][0m [37m-->[39m [37mGET[39m [37m/wd/hub/session/7eb17086-7335-4b5a-a371-bfbf30b154eb/screenshot[39m {}
[38;5;170m[7eb17086][0m[38;5;86m[HTTP][0m <-- GET /wd/hub/session/7eb17086-7335-4b5a-a371-bfbf30b154eb/screenshot 200 441 ms - 73160 
[38;5;170m[7eb17086][0m[38;5;86m[HTTP][0m [37m-->[39m [37mGET[39m [37m/wd/hub/session/7eb17086-7335-4b5a-a371-bfbf30b154eb/window/rect[39m {}
[38;5;170m[7eb17086][0m[38;5;86m[HTTP][0m <-- GET /wd/hub/session/7eb17086-7335-4b5a-a371-bfbf30b154eb/window/rect 200 161 ms - 50 
[38;5;170m[7eb17086][0m[38;5;86m[HTTP][0m [37m-->[39m [37mPOST[39m [37m/wd/hub/session/7eb17086-7335-4b5a-a371-bfbf30b154eb/elements[39m {"using":"xpath","value":"//*[@class = 'android.widget.TextView' and (@text = '1' or . = '1') and @resource-id = 'com.telkom.mwallet:id/customKeyboard_button_number_1']"}
[38;5;170m[7eb17086][0m[38;5;86m[HTTP][0m <-- POST /wd/hub/session/7eb17086-7335-4b5a-a371-bfbf30b154eb/elements 200 461 ms - 139 
[38;5;170m[7eb17086][0m[38;5;86m[HTTP][0m [37m-->[39m [37mGET[39m [37m/wd/hub/session/7eb17086-7335-4b5a-a371-bfbf30b154eb/element/00000000-0000-066a-ffff-ffff000001be/location[39m {}
[38;5;170m[7eb17086][0m[38;5;-80m[AndroidUiautomator2Driver@167a][0m Driver proxy active, passing request on via HTTP proxy
[38;5;170m[7eb17086][0m[38;5;-80m[AndroidUiautomator2Driver@167a][0m Replacing sessionId 54227ef6-a3d5-4ce5-974d-b27810bce22a with 7eb17086-7335-4b5a-a371-bfbf30b154eb
[38;5;170m[7eb17086][0m[38;5;86m[HTTP][0m <-- GET /wd/hub/session/7eb17086-7335-4b5a-a371-bfbf30b154eb/element/00000000-0000-066a-ffff-ffff000001be/location 200 582 ms - 79 
[38;5;170m[7eb17086][0m[38;5;86m[HTTP][0m [37m-->[39m [37mPOST[39m [37m/wd/hub/session/7eb17086-7335-4b5a-a371-bfbf30b154eb/element/00000000-0000-066a-ffff-ffff000001be/click[39m {"id":"00000000-0000-066a-ffff-ffff000001be"}
[38;5;170m[7eb17086][0m[38;5;86m[HTTP][0m <-- POST /wd/hub/session/7eb17086-7335-4b5a-a371-bfbf30b154eb/element/00000000-0000-066a-ffff-ffff000001be/click 200 619 ms - 14 
[38;5;170m[7eb17086][0m[38;5;86m[HTTP][0m [37m-->[39m [37mGET[39m [37m/wd/hub/session/7eb17086-7335-4b5a-a371-bfbf30b154eb/source[39m {}
[38;5;170m[7eb17086][0m[38;5;-80m[AndroidUiautomator2Driver@167a][0m Driver proxy active, passing request on via HTTP proxy
[38;5;170m[7eb17086][0m[38;5;-80m[AndroidUiautomator2Driver@167a][0m Replacing sessionId 54227ef6-a3d5-4ce5-974d-b27810bce22a with 7eb17086-7335-4b5a-a371-bfbf30b154eb
[38;5;170m[7eb17086][0m[38;5;86m[HTTP][0m <-- GET /wd/hub/session/7eb17086-7335-4b5a-a371-bfbf30b154eb/source 200 203 ms - 19547 
[38;5;170m[7eb17086][0m[38;5;86m[HTTP][0m [37m-->[39m [37mGET[39m [37m/wd/hub/session/7eb17086-7335-4b5a-a371-bfbf30b154eb/screenshot[39m {}
[38;5;170m[7eb17086][0m[38;5;86m[HTTP][0m <-- GET /wd/hub/session/7eb17086-7335-4b5a-a371-bfbf30b154eb/screenshot 200 452 ms - 73680 
[38;5;170m[7eb17086][0m[38;5;86m[HTTP][0m [37m-->[39m [37mGET[39m [37m/wd/hub/session/7eb17086-7335-4b5a-a371-bfbf30b154eb/window/rect[39m {}
[38;5;170m[7eb17086][0m[38;5;86m[HTTP][0m <-- GET /wd/hub/session/7eb17086-7335-4b5a-a371-bfbf30b154eb/window/rect 200 60 ms - 50 
[38;5;170m[7eb17086][0m[38;5;86m[HTTP][0m [37m-->[39m [37mPOST[39m [37m/wd/hub/session/7eb17086-7335-4b5a-a371-bfbf30b154eb/elements[39m {"using":"xpath","value":"//*[@class = 'android.widget.TextView' and (@text = '1' or . = '1') and @resource-id = 'com.telkom.mwallet:id/customKeyboard_button_number_1']"}
[38;5;170m[7eb17086][0m[38;5;86m[HTTP][0m <-- POST /wd/hub/session/7eb17086-7335-4b5a-a371-bfbf30b154eb/elements 200 352 ms - 139 
[38;5;170m[7eb17086][0m[38;5;86m[HTTP][0m [37m-->[39m [37mGET[39m [37m/wd/hub/session/7eb17086-7335-4b5a-a371-bfbf30b154eb/element/00000000-0000-066a-ffff-ffff000001be/location[39m {}
[38;5;170m[7eb17086][0m[38;5;-80m[AndroidUiautomator2Driver@167a][0m Driver proxy active, passing request on via HTTP proxy
[38;5;170m[7eb17086][0m[38;5;-80m[AndroidUiautomator2Driver@167a][0m Replacing sessionId 54227ef6-a3d5-4ce5-974d-b27810bce22a with 7eb17086-7335-4b5a-a371-bfbf30b154eb
[38;5;170m[7eb17086][0m[38;5;86m[HTTP][0m <-- GET /wd/hub/session/7eb17086-7335-4b5a-a371-bfbf30b154eb/element/00000000-0000-066a-ffff-ffff000001be/location 200 50 ms - 79 
[38;5;170m[7eb17086][0m[38;5;86m[HTTP][0m [37m-->[39m [37mPOST[39m [37m/wd/hub/session/7eb17086-7335-4b5a-a371-bfbf30b154eb/element/00000000-0000-066a-ffff-ffff000001be/click[39m {"id":"00000000-0000-066a-ffff-ffff000001be"}
[38;5;170m[7eb17086][0m[38;5;86m[HTTP][0m <-- POST /wd/hub/session/7eb17086-7335-4b5a-a371-bfbf30b154eb/element/00000000-0000-066a-ffff-ffff000001be/click 200 574 ms - 14 
[38;5;170m[7eb17086][0m[38;5;86m[HTTP][0m [37m-->[39m [37mGET[39m [37m/wd/hub/session/7eb17086-7335-4b5a-a371-bfbf30b154eb/source[39m {}
[38;5;170m[7eb17086][0m[38;5;-80m[AndroidUiautomator2Driver@167a][0m Driver proxy active, passing request on via HTTP proxy
[38;5;170m[7eb17086][0m[38;5;-80m[AndroidUiautomator2Driver@167a][0m Replacing sessionId 54227ef6-a3d5-4ce5-974d-b27810bce22a with 7eb17086-7335-4b5a-a371-bfbf30b154eb
[38;5;170m[7eb17086][0m[38;5;86m[HTTP][0m <-- GET /wd/hub/session/7eb17086-7335-4b5a-a371-bfbf30b154eb/source 200 137 ms - 19548 
[38;5;170m[7eb17086][0m[38;5;86m[HTTP][0m [37m-->[39m [37mGET[39m [37m/wd/hub/session/7eb17086-7335-4b5a-a371-bfbf30b154eb/screenshot[39m {}
[38;5;170m[7eb17086][0m[38;5;86m[HTTP][0m <-- GET /wd/hub/session/7eb17086-7335-4b5a-a371-bfbf30b154eb/screenshot 200 477 ms - 73796 
[38;5;170m[7eb17086][0m[38;5;86m[HTTP][0m [37m-->[39m [37mGET[39m [37m/wd/hub/session/7eb17086-7335-4b5a-a371-bfbf30b154eb/window/rect[39m {}
[38;5;170m[7eb17086][0m[38;5;86m[HTTP][0m <-- GET /wd/hub/session/7eb17086-7335-4b5a-a371-bfbf30b154eb/window/rect 200 37 ms - 50 
[38;5;170m[7eb17086][0m[38;5;86m[HTTP][0m [37m-->[39m [37mPOST[39m [37m/wd/hub/session/7eb17086-7335-4b5a-a371-bfbf30b154eb/elements[39m {"using":"xpath","value":"//*[@class = 'android.widget.TextView' and (@text = '1' or . = '1') and @resource-id = 'com.telkom.mwallet:id/customKeyboard_button_number_1']"}
[38;5;170m[7eb17086][0m[38;5;86m[HTTP][0m <-- POST /wd/hub/session/7eb17086-7335-4b5a-a371-bfbf30b154eb/elements 200 200 ms - 139 
[38;5;170m[7eb17086][0m[38;5;86m[HTTP][0m [37m-->[39m [37mGET[39m [37m/wd/hub/session/7eb17086-7335-4b5a-a371-bfbf30b154eb/element/00000000-0000-066a-ffff-ffff000001be/location[39m {}
[38;5;170m[7eb17086][0m[38;5;-80m[AndroidUiautomator2Driver@167a][0m Driver proxy active, passing request on via HTTP proxy
[38;5;170m[7eb17086][0m[38;5;-80m[AndroidUiautomator2Driver@167a][0m Replacing sessionId 54227ef6-a3d5-4ce5-974d-b27810bce22a with 7eb17086-7335-4b5a-a371-bfbf30b154eb
[38;5;170m[7eb17086][0m[38;5;86m[HTTP][0m <-- GET /wd/hub/session/7eb17086-7335-4b5a-a371-bfbf30b154eb/element/00000000-0000-066a-ffff-ffff000001be/location 200 59 ms - 79 
[38;5;170m[7eb17086][0m[38;5;86m[HTTP][0m [37m-->[39m [37mPOST[39m [37m/wd/hub/session/7eb17086-7335-4b5a-a371-bfbf30b154eb/element/00000000-0000-066a-ffff-ffff000001be/click[39m {"id":"00000000-0000-066a-ffff-ffff000001be"}
[38;5;170m[7eb17086][0m[38;5;86m[HTTP][0m <-- POST /wd/hub/session/7eb17086-7335-4b5a-a371-bfbf30b154eb/element/00000000-0000-066a-ffff-ffff000001be/click 200 625 ms - 14 
[38;5;170m[7eb17086][0m[38;5;86m[HTTP][0m [37m-->[39m [37mGET[39m [37m/wd/hub/session/7eb17086-7335-4b5a-a371-bfbf30b154eb/source[39m {}
[38;5;170m[7eb17086][0m[38;5;-80m[AndroidUiautomator2Driver@167a][0m Driver proxy active, passing request on via HTTP proxy
[38;5;170m[7eb17086][0m[38;5;-80m[AndroidUiautomator2Driver@167a][0m Replacing sessionId 54227ef6-a3d5-4ce5-974d-b27810bce22a with 7eb17086-7335-4b5a-a371-bfbf30b154eb
[38;5;170m[7eb17086][0m[38;5;86m[HTTP][0m <-- GET /wd/hub/session/7eb17086-7335-4b5a-a371-bfbf30b154eb/source 200 146 ms - 19549 
[38;5;170m[7eb17086][0m[38;5;86m[HTTP][0m [37m-->[39m [37mGET[39m [37m/wd/hub/session/7eb17086-7335-4b5a-a371-bfbf30b154eb/screenshot[39m {}
[38;5;170m[7eb17086][0m[38;5;86m[HTTP][0m <-- GET /wd/hub/session/7eb17086-7335-4b5a-a371-bfbf30b154eb/screenshot 200 445 ms - 73912 
[38;5;170m[7eb17086][0m[38;5;86m[HTTP][0m [37m-->[39m [37mGET[39m [37m/wd/hub/session/7eb17086-7335-4b5a-a371-bfbf30b154eb/window/rect[39m {}
[38;5;170m[7eb17086][0m[38;5;86m[HTTP][0m <-- GET /wd/hub/session/7eb17086-7335-4b5a-a371-bfbf30b154eb/window/rect 200 42 ms - 50 
[38;5;170m[7eb17086][0m[38;5;86m[HTTP][0m [37m-->[39m [37mPOST[39m [37m/wd/hub/session/7eb17086-7335-4b5a-a371-bfbf30b154eb/elements[39m {"using":"xpath","value":"//*[@class = 'android.widget.TextView' and (@text = '1' or . = '1') and @resource-id = 'com.telkom.mwallet:id/customKeyboard_button_number_1']"}
[38;5;170m[7eb17086][0m[38;5;86m[HTTP][0m <-- POST /wd/hub/session/7eb17086-7335-4b5a-a371-bfbf30b154eb/elements 200 215 ms - 139 
[38;5;170m[7eb17086][0m[38;5;86m[HTTP][0m [37m-->[39m [37mGET[39m [37m/wd/hub/session/7eb17086-7335-4b5a-a371-bfbf30b154eb/element/00000000-0000-066a-ffff-ffff000001be/location[39m {}
[38;5;170m[7eb17086][0m[38;5;-80m[AndroidUiautomator2Driver@167a][0m Driver proxy active, passing request on via HTTP proxy
[38;5;170m[7eb17086][0m[38;5;-80m[AndroidUiautomator2Driver@167a][0m Replacing sessionId 54227ef6-a3d5-4ce5-974d-b27810bce22a with 7eb17086-7335-4b5a-a371-bfbf30b154eb
[38;5;170m[7eb17086][0m[38;5;86m[HTTP][0m <-- GET /wd/hub/session/7eb17086-7335-4b5a-a371-bfbf30b154eb/element/00000000-0000-066a-ffff-ffff000001be/location 200 68 ms - 79 
[38;5;170m[7eb17086][0m[38;5;86m[HTTP][0m [37m-->[39m [37mPOST[39m [37m/wd/hub/session/7eb17086-7335-4b5a-a371-bfbf30b154eb/element/00000000-0000-066a-ffff-ffff000001be/click[39m {"id":"00000000-0000-066a-ffff-ffff000001be"}
[38;5;170m[7eb17086][0m[38;5;86m[HTTP][0m <-- POST /wd/hub/session/7eb17086-7335-4b5a-a371-bfbf30b154eb/element/00000000-0000-066a-ffff-ffff000001be/click 200 594 ms - 14 
[38;5;170m[7eb17086][0m[38;5;86m[HTTP][0m [37m-->[39m [37mGET[39m [37m/wd/hub/session/7eb17086-7335-4b5a-a371-bfbf30b154eb/source[39m {}
[38;5;170m[7eb17086][0m[38;5;-80m[AndroidUiautomator2Driver@167a][0m Driver proxy active, passing request on via HTTP proxy
[38;5;170m[7eb17086][0m[38;5;-80m[AndroidUiautomator2Driver@167a][0m Replacing sessionId 54227ef6-a3d5-4ce5-974d-b27810bce22a with 7eb17086-7335-4b5a-a371-bfbf30b154eb
[38;5;170m[7eb17086][0m[38;5;86m[HTTP][0m <-- GET /wd/hub/session/7eb17086-7335-4b5a-a371-bfbf30b154eb/source 200 126 ms - 19550 
[38;5;170m[7eb17086][0m[38;5;86m[HTTP][0m [37m-->[39m [37mGET[39m [37m/wd/hub/session/7eb17086-7335-4b5a-a371-bfbf30b154eb/screenshot[39m {}
[38;5;170m[7eb17086][0m[38;5;86m[HTTP][0m <-- GET /wd/hub/session/7eb17086-7335-4b5a-a371-bfbf30b154eb/screenshot 200 480 ms - 74940 
[38;5;170m[7eb17086][0m[38;5;86m[HTTP][0m [37m-->[39m [37mGET[39m [37m/wd/hub/session/7eb17086-7335-4b5a-a371-bfbf30b154eb/window/rect[39m {}
[38;5;170m[7eb17086][0m[38;5;86m[HTTP][0m <-- GET /wd/hub/session/7eb17086-7335-4b5a-a371-bfbf30b154eb/window/rect 200 35 ms - 50 
[38;5;170m[7eb17086][0m[38;5;86m[HTTP][0m [37m-->[39m [37mPOST[39m [37m/wd/hub/session/7eb17086-7335-4b5a-a371-bfbf30b154eb/elements[39m {"using":"xpath","value":"//*[@class = 'android.widget.TextView' and (@text = '1' or . = '1') and @resource-id = 'com.telkom.mwallet:id/customKeyboard_button_number_1']"}
[38;5;170m[7eb17086][0m[38;5;86m[HTTP][0m <-- POST /wd/hub/session/7eb17086-7335-4b5a-a371-bfbf30b154eb/elements 200 517 ms - 139 
[38;5;170m[7eb17086][0m[38;5;86m[HTTP][0m [37m-->[39m [37mGET[39m [37m/wd/hub/session/7eb17086-7335-4b5a-a371-bfbf30b154eb/element/00000000-0000-066a-ffff-ffff000001be/location[39m {}
[38;5;170m[7eb17086][0m[38;5;-80m[AndroidUiautomator2Driver@167a][0m Driver proxy active, passing request on via HTTP proxy
[38;5;170m[7eb17086][0m[38;5;-80m[AndroidUiautomator2Driver@167a][0m Replacing sessionId 54227ef6-a3d5-4ce5-974d-b27810bce22a with 7eb17086-7335-4b5a-a371-bfbf30b154eb
[38;5;170m[7eb17086][0m[38;5;86m[HTTP][0m <-- GET /wd/hub/session/7eb17086-7335-4b5a-a371-bfbf30b154eb/element/00000000-0000-066a-ffff-ffff000001be/location 200 53 ms - 79 
[38;5;170m[7eb17086][0m[38;5;86m[HTTP][0m [37m-->[39m [37mPOST[39m [37m/wd/hub/session/7eb17086-7335-4b5a-a371-bfbf30b154eb/element/00000000-0000-066a-ffff-ffff000001be/click[39m {"id":"00000000-0000-066a-ffff-ffff000001be"}
[38;5;170m[7eb17086][0m[38;5;86m[HTTP][0m <-- POST /wd/hub/session/7eb17086-7335-4b5a-a371-bfbf30b154eb/element/00000000-0000-066a-ffff-ffff000001be/click 200 104 ms - 14 
[38;5;170m[7eb17086][0m[38;5;86m[HTTP][0m [37m-->[39m [37mGET[39m [37m/wd/hub/session/7eb17086-7335-4b5a-a371-bfbf30b154eb/source[39m {}
[38;5;170m[7eb17086][0m[38;5;-80m[AndroidUiautomator2Driver@167a][0m Driver proxy active, passing request on via HTTP proxy
[38;5;170m[7eb17086][0m[38;5;-80m[AndroidUiautomator2Driver@167a][0m Replacing sessionId 54227ef6-a3d5-4ce5-974d-b27810bce22a with 7eb17086-7335-4b5a-a371-bfbf30b154eb
[38;5;170m[7eb17086][0m[38;5;86m[HTTP][0m <-- GET /wd/hub/session/7eb17086-7335-4b5a-a371-bfbf30b154eb/source 200 127 ms - 19551 
[38;5;170m[7eb17086][0m[38;5;86m[HTTP][0m [37m-->[39m [37mGET[39m [37m/wd/hub/session/7eb17086-7335-4b5a-a371-bfbf30b154eb/screenshot[39m {}
[38;5;170m[7eb17086][0m[38;5;86m[HTTP][0m <-- GET /wd/hub/session/7eb17086-7335-4b5a-a371-bfbf30b154eb/screenshot 200 456 ms - 75024 
[38;5;170m[7eb17086][0m[38;5;86m[HTTP][0m [37m-->[39m [37mGET[39m [37m/wd/hub/session/7eb17086-7335-4b5a-a371-bfbf30b154eb/window/rect[39m {}
[38;5;170m[7eb17086][0m[38;5;86m[HTTP][0m <-- GET /wd/hub/session/7eb17086-7335-4b5a-a371-bfbf30b154eb/window/rect 200 59 ms - 50 
[38;5;170m[7eb17086][0m[38;5;86m[HTTP][0m [37m-->[39m [37mPOST[39m [37m/wd/hub/session/7eb17086-7335-4b5a-a371-bfbf30b154eb/elements[39m {"using":"xpath","value":"//*[@class = 'android.widget.TextView' and (@text = '1' or . = '1') and @resource-id = 'com.telkom.mwallet:id/customKeyboard_button_number_1']"}
[38;5;170m[7eb17086][0m[38;5;86m[HTTP][0m <-- POST /wd/hub/session/7eb17086-7335-4b5a-a371-bfbf30b154eb/elements 200 187 ms - 139 
[38;5;170m[7eb17086][0m[38;5;86m[HTTP][0m [37m-->[39m [37mGET[39m [37m/wd/hub/session/7eb17086-7335-4b5a-a371-bfbf30b154eb/element/00000000-0000-066a-ffff-ffff000001be/location[39m {}
[38;5;170m[7eb17086][0m[38;5;-80m[AndroidUiautomator2Driver@167a][0m Driver proxy active, passing request on via HTTP proxy
[38;5;170m[7eb17086][0m[38;5;-80m[AndroidUiautomator2Driver@167a][0m Replacing sessionId 54227ef6-a3d5-4ce5-974d-b27810bce22a with 7eb17086-7335-4b5a-a371-bfbf30b154eb
[38;5;170m[7eb17086][0m[38;5;86m[HTTP][0m <-- GET /wd/hub/session/7eb17086-7335-4b5a-a371-bfbf30b154eb/element/00000000-0000-066a-ffff-ffff000001be/location 200 61 ms - 79 
[38;5;170m[7eb17086][0m[38;5;86m[HTTP][0m [37m-->[39m [37mPOST[39m [37m/wd/hub/session/7eb17086-7335-4b5a-a371-bfbf30b154eb/element/00000000-0000-066a-ffff-ffff000001be/click[39m {"id":"00000000-0000-066a-ffff-ffff000001be"}
[38;5;170m[7eb17086][0m[38;5;86m[HTTP][0m <-- POST /wd/hub/session/7eb17086-7335-4b5a-a371-bfbf30b154eb/element/00000000-0000-066a-ffff-ffff000001be/click 200 1656 ms - 14 
[38;5;170m[7eb17086][0m[38;5;86m[HTTP][0m [37m-->[39m [37mGET[39m [37m/wd/hub/session/7eb17086-7335-4b5a-a371-bfbf30b154eb/source[39m {}
[38;5;170m[7eb17086][0m[38;5;-80m[AndroidUiautomator2Driver@167a][0m Driver proxy active, passing request on via HTTP proxy
[38;5;170m[7eb17086][0m[38;5;-80m[AndroidUiautomator2Driver@167a][0m Replacing sessionId 54227ef6-a3d5-4ce5-974d-b27810bce22a with 7eb17086-7335-4b5a-a371-bfbf30b154eb
[38;5;170m[7eb17086][0m[38;5;86m[HTTP][0m <-- GET /wd/hub/session/7eb17086-7335-4b5a-a371-bfbf30b154eb/source 200 101 ms - 5201 
[38;5;170m[7eb17086][0m[38;5;86m[HTTP][0m [37m-->[39m [37mGET[39m [37m/wd/hub/session/7eb17086-7335-4b5a-a371-bfbf30b154eb/screenshot[39m {}
[38;5;170m[7eb17086][0m[38;5;86m[HTTP][0m <-- GET /wd/hub/session/7eb17086-7335-4b5a-a371-bfbf30b154eb/screenshot 200 500 ms - 74052 
[38;5;170m[7eb17086][0m[38;5;86m[HTTP][0m [37m-->[39m [37mDELETE[39m [37m/wd/hub/session/7eb17086-7335-4b5a-a371-bfbf30b154eb[39m {}
[38;5;170m[7eb17086][0m[38;5;199m[AppiumDriver@4249][0m Removing session 7eb17086-7335-4b5a-a371-bfbf30b154eb from our master session list
[38;5;170m[7eb17086][0m[38;5;-80m[AndroidUiautomator2Driver@167a][0m Restoring hidden api policy to the device default configuration
[38;5;170m[7eb17086][0m[38;5;86m[HTTP][0m <-- DELETE /wd/hub/session/7eb17086-7335-4b5a-a371-bfbf30b154eb 200 913 ms - 14 
[38;5;112m[Appium][0m Received SIGTERM - shutting down
[38;5;86m[HTTP][0m Closing Appium HTTP server
[38;5;86m[HTTP][0m Appium HTTP server has been succesfully closed after 2ms
